<?xml version="1.0" encoding="UTF-8"?>
<!-- Generated by org.testng.reporters.JUnitReportReporter -->
<testsuite skipped="0" hostname="INDIA-PC" name="com.chiselon.classifieds.Regression.TC001" tests="1" failures="0" timestamp="02 Feb 2018 11:46:24 GMT" time="8.418" errors="0">
  <testcase name="TC001" time="8.418" classname="com.chiselon.classifieds.Regression.TC001"/>
</testsuite> <!-- com.chiselon.classifieds.Regression.TC001 -->
